Flow report for modulator
Mon Mar 18 12:19:01 2013
Quartus II 32-bit Version 12.1 Build 243 01/31/2013 Service Pack 1 SJ Web Edition


---------------------
; Table of Contents ;
---------------------
  1. Legal Notice
  2. Flow Summary
  3. Flow Settings
  4. Flow Non-Default Global Settings
  5. Flow Elapsed Time
  6. Flow OS Summary
  7. Flow Log



----------------
; Legal Notice ;
----------------
Copyright (C) 1991-2012 Altera Corporation
Your use of Altera Corporation's design tools, logic functions 
and other software and tools, and its AMPP partner logic 
functions, and any output files from any of the foregoing 
(including device programming or simulation files), and any 
associated documentation or information are expressly subject 
to the terms and conditions of the Altera Program License 
Subscription Agreement, Altera MegaCore Function License 
Agreement, or other applicable license agreement, including, 
without limitation, that your use is for the sole purpose of 
programming logic devices manufactured by Altera and sold by 
Altera or its authorized distributors.  Please refer to the 
applicable agreement for further details.



+------------------------------------------------------------------------------------+
; Flow Summary                                                                       ;
+------------------------------------+-----------------------------------------------+
; Flow Status                        ; Successful - Mon Mar 18 12:19:01 2013         ;
; Quartus II 32-bit Version          ; 12.1 Build 243 01/31/2013 SP 1 SJ Web Edition ;
; Revision Name                      ; modulator                                     ;
; Top-level Entity Name              ; modulator                                     ;
; Family                             ; Cyclone II                                    ;
; Device                             ; EP2C8Q208C8                                   ;
; Timing Models                      ; Final                                         ;
; Total logic elements               ; 1 / 8,256 ( < 1 % )                           ;
;     Total combinational functions  ; 1 / 8,256 ( < 1 % )                           ;
;     Dedicated logic registers      ; 1 / 8,256 ( < 1 % )                           ;
; Total registers                    ; 1                                             ;
; Total pins                         ; 13 / 138 ( 9 % )                              ;
; Total virtual pins                 ; 0                                             ;
; Total memory bits                  ; 0 / 165,888 ( 0 % )                           ;
; Embedded Multiplier 9-bit elements ; 0 / 36 ( 0 % )                                ;
; Total PLLs                         ; 1 / 2 ( 50 % )                                ;
+------------------------------------+-----------------------------------------------+


+-----------------------------------------+
; Flow Settings                           ;
+-------------------+---------------------+
; Option            ; Setting             ;
+-------------------+---------------------+
; Start date & time ; 03/18/2013 12:18:44 ;
; Main task         ; Compilation         ;
; Revision Name     ; modulator           ;
+-------------------+---------------------+


+---------------------------------------------------------------------------------------------------------------------+
; Flow Non-Default Global Settings                                                                                    ;
+-------------------------------------+--------------------------------+---------------+-------------+----------------+
; Assignment Name                     ; Value                          ; Default Value ; Entity Name ; Section Id     ;
+-------------------------------------+--------------------------------+---------------+-------------+----------------+
; COMPILER_SIGNATURE_ID               ; 90520744003974.136362352416536 ; --            ; --          ; --             ;
; EDA_OUTPUT_DATA_FORMAT              ; Verilog Hdl                    ; --            ; --          ; eda_simulation ;
; EDA_SIMULATION_TOOL                 ; ModelSim-Altera (Verilog)      ; <None>        ; --          ; --             ;
; IP_TOOL_NAME                        ; ALTPLL                         ; --            ; --          ; --             ;
; IP_TOOL_VERSION                     ; 12.1                           ; --            ; --          ; --             ;
; MAX_CORE_JUNCTION_TEMP              ; 85                             ; --            ; --          ; --             ;
; MIN_CORE_JUNCTION_TEMP              ; 0                              ; --            ; --          ; --             ;
; MISC_FILE                           ; thepll_bb.v                    ; --            ; --          ; --             ;
; MISC_FILE                           ; thepll.ppf                     ; --            ; --          ; --             ;
; PARTITION_COLOR                     ; 16764057                       ; --            ; --          ; Top            ;
; PARTITION_FITTER_PRESERVATION_LEVEL ; PLACEMENT_AND_ROUTING          ; --            ; --          ; Top            ;
; PARTITION_NETLIST_TYPE              ; SOURCE                         ; --            ; --          ; Top            ;
; PROJECT_OUTPUT_DIRECTORY            ; output_files                   ; --            ; --          ; --             ;
+-------------------------------------+--------------------------------+---------------+-------------+----------------+


+-------------------------------------------------------------------------------------------------------------------------------+
; Flow Elapsed Time                                                                                                             ;
+---------------------------+--------------+-------------------------+---------------------+------------------------------------+
; Module Name               ; Elapsed Time ; Average Processors Used ; Peak Virtual Memory ; Total CPU Time (on all processors) ;
+---------------------------+--------------+-------------------------+---------------------+------------------------------------+
; Analysis & Synthesis      ; 00:00:02     ; 1.0                     ; 336 MB              ; 00:00:02                           ;
; Fitter                    ; 00:00:05     ; 1.0                     ; 380 MB              ; 00:00:03                           ;
; Assembler                 ; 00:00:02     ; 1.0                     ; 319 MB              ; 00:00:01                           ;
; TimeQuest Timing Analyzer ; 00:00:01     ; 1.0                     ; 281 MB              ; 00:00:01                           ;
; EDA Netlist Writer        ; 00:00:00     ; 1.0                     ; 281 MB              ; 00:00:00                           ;
; Total                     ; 00:00:10     ; --                      ; --                  ; 00:00:07                           ;
+---------------------------+--------------+-------------------------+---------------------+------------------------------------+


+---------------------------------------------------------------------------------------------+
; Flow OS Summary                                                                             ;
+---------------------------+------------------+----------------+------------+----------------+
; Module Name               ; Machine Hostname ; OS Name        ; OS Version ; Processor type ;
+---------------------------+------------------+----------------+------------+----------------+
; Analysis & Synthesis      ; ubuntu32vm       ; Ubuntu 12.04.2 ; 12         ; i686           ;
; Fitter                    ; ubuntu32vm       ; Ubuntu 12.04.2 ; 12         ; i686           ;
; Assembler                 ; ubuntu32vm       ; Ubuntu 12.04.2 ; 12         ; i686           ;
; TimeQuest Timing Analyzer ; ubuntu32vm       ; Ubuntu 12.04.2 ; 12         ; i686           ;
; EDA Netlist Writer        ; ubuntu32vm       ; Ubuntu 12.04.2 ; 12         ; i686           ;
+---------------------------+------------------+----------------+------------+----------------+


------------
; Flow Log ;
------------
quartus_map --read_settings_files=on --write_settings_files=off iq_modulator -c modulator
quartus_fit --read_settings_files=off --write_settings_files=off iq_modulator -c modulator
quartus_asm --read_settings_files=off --write_settings_files=off iq_modulator -c modulator
quartus_sta iq_modulator -c modulator
quartus_eda --read_settings_files=off --write_settings_files=off iq_modulator -c modulator



